<?xml version="1.0" encoding="UTF-8"?>
<testng-results ignored="0" total="2" passed="1" failed="1" skipped="0">
  <reporter-output>
  </reporter-output>
  <suite started-at="2021-07-26T16:01:51Z" name="Default suite" finished-at="2021-07-26T16:02:15Z" duration-ms="24454">
    <groups>
    </groups>
    <test started-at="2021-07-26T16:01:51Z" name="Default test" finished-at="2021-07-26T16:02:15Z" duration-ms="24454">
      <class name="com.amz.qa.testcases.SearchTest">
        <test-method is-config="true" signature="setUp()[pri:0, instance:com.amz.qa.testcases.SearchTest@1ed6388a]" started-at="2021-07-26T16:01:51Z" name="setUp" finished-at="2021-07-26T16:02:01Z" duration-ms="10921" status="PASS">
          <reporter-output>
          </reporter-output>
        </test-method> <!-- setUp -->
        <test-method signature="verifyPrime()[pri:1, instance:com.amz.qa.testcases.SearchTest@1ed6388a]" started-at="2021-07-26T16:02:01Z" name="verifyPrime" finished-at="2021-07-26T16:02:02Z" duration-ms="317" status="PASS">
          <reporter-output>
          </reporter-output>
        </test-method> <!-- verifyPrime -->
        <test-method is-config="true" signature="tearDown()[pri:0, instance:com.amz.qa.testcases.SearchTest@1ed6388a]" started-at="2021-07-26T16:02:02Z" name="tearDown" finished-at="2021-07-26T16:02:03Z" duration-ms="762" status="PASS">
          <reporter-output>
          </reporter-output>
        </test-method> <!-- tearDown -->
        <test-method is-config="true" signature="setUp()[pri:0, instance:com.amz.qa.testcases.SearchTest@1ed6388a]" started-at="2021-07-26T16:02:03Z" name="setUp" finished-at="2021-07-26T16:02:12Z" duration-ms="9693" status="PASS">
          <reporter-output>
          </reporter-output>
        </test-method> <!-- setUp -->
        <test-method signature="verifyPrice()[pri:2, instance:com.amz.qa.testcases.SearchTest@1ed6388a]" started-at="2021-07-26T16:02:12Z" name="verifyPrice" finished-at="2021-07-26T16:02:14Z" duration-ms="1877" status="FAIL">
          <exception class="org.openqa.selenium.ElementClickInterceptedException">
            <message>
              <![CDATA[element click intercepted: Element <span class="a-button-text" aria-hidden="true" id="a-autoid-1-announce">...</span> is not clickable at point (157, 281). Other element would receive the click: <input class="a-button-input" type="submit" aria-labelledby="a-autoid-1-announce">
  (Session info: chrome=92.0.4515.107)
Build info: version: '3.141.59', revision: 'e82be7d358', time: '2018-11-14T08:17:03'
System info: host: 'DESKTOP-SAGJ2JU', ip: '192.168.0.102', os.name: 'Windows 10', os.arch: 'amd64', os.version: '10.0', java.version: '13.0.2'
Driver info: org.openqa.selenium.chrome.ChromeDriver
Capabilities {acceptInsecureCerts: false, browserName: chrome, browserVersion: 92.0.4515.107, chrome: {chromedriverVersion: 91.0.4472.19 (1bf021f248676..., userDataDir: C:\Users\admin\AppData\Loca...}, goog:chromeOptions: {debuggerAddress: localhost:53203}, javascriptEnabled: true, networkConnectionEnabled: false, pageLoadStrategy: normal, platform: WINDOWS, platformName: WINDOWS, proxy: Proxy(), setWindowRect: true, strictFileInteractability: false, timeouts: {implicit: 0, pageLoad: 300000, script: 30000}, unhandledPromptBehavior: dismiss and notify, webauthn:extension:largeBlob: true, webauthn:virtualAuthenticators: true}
Session ID: fbede99657de8a2517dddc630d893e9a]]>
            </message>
            <full-stacktrace>
              <![CDATA[org.openqa.selenium.ElementClickInterceptedException: element click intercepted: Element <span class="a-button-text" aria-hidden="true" id="a-autoid-1-announce">...</span> is not clickable at point (157, 281). Other element would receive the click: <input class="a-button-input" type="submit" aria-labelledby="a-autoid-1-announce">
  (Session info: chrome=92.0.4515.107)
Build info: version: '3.141.59', revision: 'e82be7d358', time: '2018-11-14T08:17:03'
System info: host: 'DESKTOP-SAGJ2JU', ip: '192.168.0.102', os.name: 'Windows 10', os.arch: 'amd64', os.version: '10.0', java.version: '13.0.2'
Driver info: org.openqa.selenium.chrome.ChromeDriver
Capabilities {acceptInsecureCerts: false, browserName: chrome, browserVersion: 92.0.4515.107, chrome: {chromedriverVersion: 91.0.4472.19 (1bf021f248676..., userDataDir: C:\Users\admin\AppData\Loca...}, goog:chromeOptions: {debuggerAddress: localhost:53203}, javascriptEnabled: true, networkConnectionEnabled: false, pageLoadStrategy: normal, platform: WINDOWS, platformName: WINDOWS, proxy: Proxy(), setWindowRect: true, strictFileInteractability: false, timeouts: {implicit: 0, pageLoad: 300000, script: 30000}, unhandledPromptBehavior: dismiss and notify, webauthn:extension:largeBlob: true, webauthn:virtualAuthenticators: true}
Session ID: fbede99657de8a2517dddc630d893e9a
at java.base/jdk.internal.reflect.NativeConstructorAccessorImpl.newInstance0(Native Method)
at java.base/jdk.internal.reflect.NativeConstructorAccessorImpl.newInstance(NativeConstructorAccessorImpl.java:62)
at java.base/jdk.internal.reflect.DelegatingConstructorAccessorImpl.newInstance(DelegatingConstructorAccessorImpl.java:45)
at java.base/java.lang.reflect.Constructor.newInstanceWithCaller(Constructor.java:500)
at java.base/java.lang.reflect.Constructor.newInstance(Constructor.java:481)
at org.openqa.selenium.remote.http.W3CHttpResponseCodec.createException(W3CHttpResponseCodec.java:187)
at org.openqa.selenium.remote.http.W3CHttpResponseCodec.decode(W3CHttpResponseCodec.java:122)
at org.openqa.selenium.remote.http.W3CHttpResponseCodec.decode(W3CHttpResponseCodec.java:49)
at org.openqa.selenium.remote.HttpCommandExecutor.execute(HttpCommandExecutor.java:158)
at org.openqa.selenium.remote.service.DriverCommandExecutor.execute(DriverCommandExecutor.java:83)
at org.openqa.selenium.remote.RemoteWebDriver.execute(RemoteWebDriver.java:552)
at org.openqa.selenium.remote.RemoteWebElement.execute(RemoteWebElement.java:285)
at org.openqa.selenium.remote.RemoteWebElement.click(RemoteWebElement.java:84)
at com.amz.qa.pages.Search.SelectPrice(Search.java:45)
at com.amz.qa.testcases.SearchTest.verifyPrice(SearchTest.java:69)
at java.base/jdk.internal.reflect.NativeMethodAccessorImpl.invoke0(Native Method)
at java.base/jdk.internal.reflect.NativeMethodAccessorImpl.invoke(NativeMethodAccessorImpl.java:62)
at java.base/jdk.internal.reflect.DelegatingMethodAccessorImpl.invoke(DelegatingMethodAccessorImpl.java:43)
at java.base/java.lang.reflect.Method.invoke(Method.java:567)
at org.testng.internal.MethodInvocationHelper.invokeMethod(MethodInvocationHelper.java:124)
at org.testng.internal.Invoker.invokeMethod(Invoker.java:583)
at org.testng.internal.Invoker.invokeTestMethod(Invoker.java:719)
at org.testng.internal.Invoker.invokeTestMethods(Invoker.java:989)
at org.testng.internal.TestMethodWorker.invokeTestMethods(TestMethodWorker.java:125)
at org.testng.internal.TestMethodWorker.run(TestMethodWorker.java:109)
at org.testng.TestRunner.privateRun(TestRunner.java:648)
at org.testng.TestRunner.run(TestRunner.java:505)
at org.testng.SuiteRunner.runTest(SuiteRunner.java:455)
at org.testng.SuiteRunner.runSequentially(SuiteRunner.java:450)
at org.testng.SuiteRunner.privateRun(SuiteRunner.java:415)
at org.testng.SuiteRunner.run(SuiteRunner.java:364)
at org.testng.SuiteRunnerWorker.runSuite(SuiteRunnerWorker.java:52)
at org.testng.SuiteRunnerWorker.run(SuiteRunnerWorker.java:84)
at org.testng.TestNG.runSuitesSequentially(TestNG.java:1208)
at org.testng.TestNG.runSuitesLocally(TestNG.java:1137)
at org.testng.TestNG.runSuites(TestNG.java:1049)
at org.testng.TestNG.run(TestNG.java:1017)
at org.testng.remote.AbstractRemoteTestNG.run(AbstractRemoteTestNG.java:115)
at org.testng.remote.RemoteTestNG.initAndRun(RemoteTestNG.java:251)
at org.testng.remote.RemoteTestNG.main(RemoteTestNG.java:77)
]]>
            </full-stacktrace>
          </exception> <!-- org.openqa.selenium.ElementClickInterceptedException -->
          <reporter-output>
          </reporter-output>
        </test-method> <!-- verifyPrice -->
        <test-method is-config="true" signature="tearDown()[pri:0, instance:com.amz.qa.testcases.SearchTest@1ed6388a]" started-at="2021-07-26T16:02:14Z" name="tearDown" finished-at="2021-07-26T16:02:15Z" duration-ms="835" status="PASS">
          <reporter-output>
          </reporter-output>
        </test-method> <!-- tearDown -->
      </class> <!-- com.amz.qa.testcases.SearchTest -->
    </test> <!-- Default test -->
  </suite> <!-- Default suite -->
</testng-results>
