<?xml version="1.0" encoding="UTF-8"?>
<testng-results ignored="0" total="8" passed="8" failed="0" skipped="0">
  <reporter-output>
  </reporter-output>
  <suite started-at="2021-09-01T10:36:36Z" name="Parallel test" finished-at="2021-09-01T10:36:36Z" duration-ms="113">
    <groups>
    </groups>
    <test started-at="2021-09-01T10:36:36Z" name="Parameter test using testng" finished-at="2021-09-01T10:36:36Z" duration-ms="113">
      <class name="com.amz.qa.testcases.ParallelTest">
        <test-method signature="test1()[pri:0, instance:com.amz.qa.testcases.ParallelTest@7a52f2a2]" started-at="2021-09-01T16:06:36Z" name="test1" finished-at="2021-09-01T16:06:36Z" duration-ms="23" status="PASS">
          <reporter-output>
          </reporter-output>
        </test-method> <!-- test1 -->
        <test-method signature="test2()[pri:0, instance:com.amz.qa.testcases.ParallelTest@7a52f2a2]" started-at="2021-09-01T16:06:36Z" name="test2" finished-at="2021-09-01T16:06:36Z" duration-ms="23" status="PASS">
          <reporter-output>
          </reporter-output>
        </test-method> <!-- test2 -->
        <test-method signature="test3()[pri:0, instance:com.amz.qa.testcases.ParallelTest@7a52f2a2]" started-at="2021-09-01T16:06:36Z" name="test3" finished-at="2021-09-01T16:06:36Z" duration-ms="8" status="PASS">
          <reporter-output>
          </reporter-output>
        </test-method> <!-- test3 -->
        <test-method signature="test4()[pri:0, instance:com.amz.qa.testcases.ParallelTest@7a52f2a2]" started-at="2021-09-01T16:06:36Z" name="test4" finished-at="2021-09-01T16:06:36Z" duration-ms="4" status="PASS">
          <reporter-output>
          </reporter-output>
        </test-method> <!-- test4 -->
        <test-method signature="test4()[pri:0, instance:com.amz.qa.testcases.ParallelTest@7a52f2a2]" started-at="2021-09-01T16:06:36Z" name="test4" finished-at="2021-09-01T16:06:36Z" duration-ms="3" status="PASS">
          <reporter-output>
          </reporter-output>
        </test-method> <!-- test4 -->
        <test-method signature="test4()[pri:0, instance:com.amz.qa.testcases.ParallelTest@7a52f2a2]" started-at="2021-09-01T16:06:36Z" name="test4" finished-at="2021-09-01T16:06:36Z" duration-ms="2" status="PASS">
          <reporter-output>
          </reporter-output>
        </test-method> <!-- test4 -->
        <test-method signature="test4()[pri:0, instance:com.amz.qa.testcases.ParallelTest@7a52f2a2]" started-at="2021-09-01T16:06:36Z" name="test4" finished-at="2021-09-01T16:06:36Z" duration-ms="3" status="PASS">
          <reporter-output>
          </reporter-output>
        </test-method> <!-- test4 -->
        <test-method signature="test4()[pri:0, instance:com.amz.qa.testcases.ParallelTest@7a52f2a2]" started-at="2021-09-01T16:06:36Z" name="test4" finished-at="2021-09-01T16:06:36Z" duration-ms="2" status="PASS">
          <reporter-output>
          </reporter-output>
        </test-method> <!-- test4 -->
      </class> <!-- com.amz.qa.testcases.ParallelTest -->
    </test> <!-- Parameter test using testng -->
  </suite> <!-- Parallel test -->
</testng-results>
