<?xml version="1.0" encoding="UTF-8"?>
<!-- Generated by org.testng.reporters.JUnitXMLReporter -->
<testsuite ignored="3" hostname="DESKTOP-SAGJ2JU" failures="0" tests="1" name="Group tests run" time="0.04" errors="0" timestamp="01 Sep 2021 09:53:21 GMT">
  <testcase classname="com.amz.qa.testcases.GroupTest" name="test3" time="0.014"/>
  <testcase classname="com.amz.qa.testcases.GroupTest" name="test1" time="0.0">
    <ignored/>
  </testcase> <!-- test1 -->
  <testcase classname="com.amz.qa.testcases.GroupTest" name="test4" time="0.0">
    <ignored/>
  </testcase> <!-- test4 -->
  <testcase classname="com.amz.qa.testcases.GroupTest" name="test2" time="0.0">
    <ignored/>
  </testcase> <!-- test2 -->
</testsuite> <!-- Group tests run -->
