<?xml version="1.0" encoding="UTF-8"?>
<!-- Generated by org.testng.reporters.JUnitXMLReporter -->
<testsuite ignored="0" hostname="DESKTOP-SAGJ2JU" failures="0" tests="4" name="Harsha Test cases" time="0.087" errors="0" timestamp="01 Sep 2021 08:46:19 GMT">
  <testcase classname="com.amz.qa.testcases.GroupTest" name="@AfterMethod tearDown" time="0.0">
    <failure type="java.lang.NullPointerException">
      <![CDATA[java.lang.NullPointerException
	at com.amz.qa.testcases.GroupTest.tearDown(GroupTest.java:59)
... Removed 27 stack frames]]>
    </failure>
  </testcase> <!-- @AfterMethod tearDown -->
  <testcase classname="com.amz.qa.testcases.GroupTest" name="test1" time="0.021"/>
  <testcase classname="com.amz.qa.testcases.GroupTest" name="test2" time="0.0">
    <skipped/>
  </testcase> <!-- test2 -->
  <testcase classname="com.amz.qa.testcases.GroupTest" name="test3" time="0.0">
    <skipped/>
  </testcase> <!-- test3 -->
  <testcase classname="com.amz.qa.testcases.GroupTest" name="test4" time="0.0">
    <skipped/>
  </testcase> <!-- test4 -->
</testsuite> <!-- Harsha Test cases -->
